<?xml version="1.0" encoding="UTF-8" ?>
<!DOCTYPE mapper PUBLIC "-//mybatis.org//DTD Mapper 3.0//EN" "http://mybatis.org/dtd/mybatis-3-mapper.dtd">
<mapper>
	<cache-ref namespace="" />
	<cache blocking="" eviction="" flushInterval="" readOnly="" size=""
		type="">
		<property name="" value="" />
	</cache>

	<parameterMap type="" id="">
		<parameter property="" javaType="" jdbcType="" mode="IN"
			resultMap="" scale="" typeHandler="" />
	</parameterMap>

	<resultMap type="" id="" autoMapping="true" extends="">
		<constructor>
			<idArg column="" columnPrefix="" javaType="" jdbcType="" name=""
				resultMap="" select="" typeHandler="" />
			<arg column="" columnPrefix="" javaType="" jdbcType="" name=""
				resultMap="" select="" typeHandler="" />
		</constructor>
	</resultMap>



</mapper>